18:40:28    16 -->                                                             [tcl] ucliGUI::connect -toolargs -ucligui -toolexe ./simv -pid 32115 -toolin /tmp/vcs_20140810224014_32114_nilambsn..stdin -toolout /tmp/vcs_20140810224014_32114_nilambsn..stdout  
18:40:28    17 -->                                                                 [tcl] set ucliGUI::state
18:40:28    18 -->                                                                     [tcl] gui_update_simulator_buttons
18:40:29    19 -->                                                                         [tcl] set ucliGUI::state
18:40:29    20 -->                                                                             [tcl] ucliCore::getToolPID
18:40:29    21 -->                                                                                 [tcl] synopsys::env hasTB
18:40:29    22 -->                                                                                     [tcl] trigger_hier_stack_context_switch 0
18:40:29    23 -->                                                                                         [tcl] synUtils::setDVEInitPhase 1
18:40:29    24 -->                                                                                             [tcl] gui_get_env SIMSETUP::SIMVPD
18:40:29    25 --> ...  [tcl] synopsys::dump -type VPD -file /home/nilambsn/py_simulator/inter.vpd -locking
18:40:29    26 --> ...      [tcl] synopsys::dump -autoflush on -fid VPD0
18:40:29    27 --> ...          [tcl] set ::dve_fid VPD0
18:40:29    28 --> ...              [tcl] synUtils::setDVEInitPhase 0
18:40:29    29 --> ...                  [tcl] ucliCore::getToolPID
18:40:29    30 --> ...                      [tcl] synUtils::sendTool -active {_icl_start_rpc -version "H-2013.06" -sync_file /tmp/vcs_dve_rpc.nilambsn.32115}
18:40:30    31 --> ...                          [tcl] synUtils::sendTool -active {_icl_createSharedMemory /tmp/vcs_dve_general.nilambsn.32115}
18:40:30    32 --> ...                              [tcl] dveMisc::vbusExpand MUX2_X1_tb
18:40:30    33 --> ...                                  [tcl] config endofsim noexit
18:40:30    34 --> ...                                      [tcl] config onfail enable all
18:40:30    35 --> ...                                          [tcl] config syscaddplainmembers
18:40:30    36 --> ...                                              [tcl] config syscaddsourcenames
18:40:30    37 --> ...                                                  [tcl] config syscaddstructtypes
18:40:30    38 --> ...                                                      [tcl] synopsys::listing -disable
18:40:48    39 --> ...                                                          [tcl] dveMisc::vbusExpand MUX2_X1_tb.sanjay
18:40:52    40 --> ...                                                              [tcl] synopsys::dump -add {MUX2_X1_tb.sanjay} -scope "." -depth 1 -fid VPD0
18:40:59    41 --> ...                                                                  [tcl] run 50
18:40:59    42 --> ...                                                                      [tcl] set ucliGUI::state
18:40:59    43 --> ...                                                                          [tcl] set ucliGUI::state
18:40:59    44 --> ...                                                                              [tcl] set ucliGUI::state
18:40:59    45 --> ...                                                                                  [tcl] set ucliGUI::state
18:40:59    46 --> ...                                                                                      [tcl] set ucliGUI::state
18:40:59    47 --> ...                                                                                          [tcl] catch {senv activeDomain} dveMisc::result 
18:40:59    48 --> ...                                                                                              [tcl] set dveMisc::result
18:40:59    49 --> ...                                                                                                  [tcl] gui_update_simulator_buttons
18:42:48    50 --> ...  [tcl] if [catch {gui_sim_terminate}] {gui_sim_terminate -kill}
18:42:48    51 --> ...      [tcl] synopsys::finish
18:42:48    52 --> ...          [tcl] set ucliGUI::state
18:42:48    53 --> ...              [tcl] set ucliGUI::state
18:42:48    54 --> ...                  [tcl] catch {senv activeDomain} dveMisc::result 
18:42:48    55 --> ...                      [tcl] set dveMisc::result
18:42:48    56 --> ...                          [tcl] gui_update_simulator_buttons
18:42:48    57 --> ...                              [tcl] catch {senv activeDomain} dveMisc::result 
18:42:48    58 --> ...                                  [tcl] set dveMisc::result
18:42:48    59 --> ...                                      [tcl] ucli_exit
