# Preference setting overrides
gui_create_pref_key -category {Globals} -key {load_detail_for_funcov} -value_type {bool} -value {false}
gui_create_pref_key -category {Hier} -key {showPowerSwitch} -value_type {bool} -value {false}
gui_create_pref_category -category {dlg_settings}
gui_create_pref_key -category {dlg_settings} -key {tableWithImmediatePopup} -value_type {bool} -value {true}

# State setting overrides
gui_state_default_create -off -ini
gui_set_state_value -category Layout -key child_console_size_x -value 932
gui_set_state_value -category Layout -key child_console_size_y -value 163
gui_set_state_value -category Layout -key child_data_size_x -value 164
gui_set_state_value -category Layout -key child_data_size_y -value 172
gui_set_state_value -category Layout -key child_hier_col3 -value {-1}
gui_set_state_value -category Layout -key child_hier_colpd -value 0
gui_set_state_value -category Layout -key child_hier_size_x -value 231
gui_set_state_value -category Layout -key child_hier_size_y -value 172
gui_set_state_value -category Layout -key child_source_docknewline -value false
gui_set_state_value -category Layout -key child_source_pos_x -value {-2}
gui_set_state_value -category Layout -key child_source_pos_y -value {-15}
gui_set_state_value -category Layout -key child_source_size_x -value 540
gui_set_state_value -category Layout -key child_source_size_y -value 167
gui_set_state_value -category Layout -key child_wave_colname -value 119
gui_set_state_value -category Layout -key child_wave_colvalue -value 119
gui_set_state_value -category Layout -key child_wave_left -value 243
gui_set_state_value -category Layout -key child_wave_right -value 592
gui_set_state_value -category Layout -key main_pos_x -value 127
gui_set_state_value -category Layout -key main_pos_y -value 123
gui_set_state_value -category Layout -key main_size_x -value 1059
gui_set_state_value -category Layout -key main_size_y -value 591
gui_set_state_value -category Layout -key stand_wave_child_docknewline -value false
gui_set_state_value -category Layout -key stand_wave_child_pos_x -value {-2}
gui_set_state_value -category Layout -key stand_wave_child_pos_y -value {-15}
gui_set_state_value -category Layout -key stand_wave_child_size_x -value 845
gui_set_state_value -category Layout -key stand_wave_child_size_y -value 352
gui_set_state_value -category Layout -key stand_wave_top_pos_x -value 160
gui_set_state_value -category Layout -key stand_wave_top_pos_y -value 109
gui_set_state_value -category Layout -key stand_wave_top_size_x -value 1000
gui_set_state_value -category Layout -key stand_wave_top_size_y -value 599
gui_create_state_key -category FindDialog -key m_pMatchCase -value_type bool -value false
gui_create_state_key -category FindDialog -key m_pMatchWord -value_type bool -value false
gui_create_state_key -category FindDialog -key m_pUseCombo -value_type string -value {}
gui_create_state_key -category FindDialog -key m_pWrapAround -value_type bool -value true
gui_state_default_create -off

# Begin command logging
gui_sim_run Ucli -exe ./simv -args {-ucligui  } -dir .
gui_list_expand -id  Hier.1   MUX2_X1_tb
gui_list_select -id Hier.1 -current_item_name MUX2_X1_tb.sanjay -current_item_type Scope  -selected  { MUX2_X1_tb.sanjay   }
gui_open_window Wave
gui_list_add -id Wave.1 -from Hier.1 { MUX2_X1_tb.sanjay } -insertionbar
run 50
gui_marker_move -id  Wave.1 C1 20
gui_zoom -window Wave.1 -full
gui_marker_move -id  Wave.1 C1 5
gui_marker_move -id  Wave.1 C1 7
gui_marker_move -id  Wave.1 C1 22
gui_marker_move -id  Wave.1 C1 5
gui_marker_move -id  Wave.1 C1 7
gui_marker_move -id  Wave.1 C1 13
gui_close_window -window TopLevel.2
